<?xml version="1.0" encoding="UTF-8"?>
<!-- Generated by org.testng.reporters.JUnitReportReporter -->
<testsuite skipped="0" hostname="DESKTOP-M0E3QT7" name="projectjenkins.Class1" tests="1" failures="0" timestamp="2023-03-01T15:53:22 IST" time="9.936" errors="0">
  <testcase name="getpageTitleOfFb" time="9.936" classname="projectjenkins.Class1"/>
  <system-out/>
</testsuite> <!-- projectjenkins.Class1 -->
