<?xml version="1.0" encoding="UTF-8"?>
<!-- Generated by org.testng.reporters.JUnitReportReporter -->
<testsuite skipped="0" hostname="DESKTOP-M0E3QT7" name="projectjenkins.Class1" tests="1" failures="0" timestamp="28 Feb 2023 14:01:28 GMT" time="7.248" errors="0">
  <testcase name="getpageTitleOfFb" time="7.248" classname="projectjenkins.Class1"/>
</testsuite> <!-- projectjenkins.Class1 -->
